2025-06-02 08:18:19 - User popovychstudent added item "kiwi" (ID: 1) to purchases
2025-06-02 08:18:28 - User popovychstudent added item "NASA" (ID: 2) to purchases
2025-06-02 08:18:35 - User popovychstudent removed item "kiwi" (ID: 1) from purchases
2025-06-02 08:18:37 - User popovychstudent removed item "NASA" (ID: 2) from purchases
2025-06-02 08:26:14 - User popovychstudent7 created successfully
2025-06-02 08:31:28 - User popovychstudent4 created successfully
2025-06-02 08:31:58 - User popovychstudent4 added item "kiwi" (ID: 1) to purchases
2025-06-02 08:31:59 - User popovychstudent4 added item "NASA" (ID: 2) to purchases
2025-06-02 08:32:00 - User popovychstudent4 removed item "kiwi" (ID: 1) from purchases
2025-06-02 08:32:01 - User popovychstudent4 removed item "NASA" (ID: 2) from purchases
2025-06-02 08:32:03 - User popovychstudent4 added item "kiwi" (ID: 1) to purchases
2025-06-02 08:32:04 - User popovychstudent4 removed item "kiwi" (ID: 1) from purchases
2025-06-02 08:32:19 - User qqqqqqqq added item "NASA" (ID: 2) to purchases
2025-06-02 08:32:20 - User qqqqqqqq added item "kiwi" (ID: 1) to purchases
2025-06-02 08:32:25 - User qqqqqqqq removed item "kiwi" (ID: 1) from purchases
2025-06-02 08:32:26 - User qqqqqqqq removed item "NASA" (ID: 2) from purchases
2025-06-02 08:48:14 - User testuser added item "Test Product" (ID: 3) to purchases
2025-06-02 08:48:15 - User newuser created successfully
2025-06-02 08:50:48 - User popovychstudent4 added item "kiwi" (ID: 1) to purchases
2025-06-02 08:50:50 - User popovychstudent4 removed item "kiwi" (ID: 1) from purchases
2025-06-02 10:00:34 - User qqqqqqqq added item "kiwi" (ID: 1) to purchases
2025-06-02 10:00:36 - User qqqqqqqq removed item "kiwi" (ID: 1) from purchases
